<?xml version="1.0" encoding="UTF-8"?>
<!-- Generated by org.testng.reporters.JUnitReportReporter -->
<testsuite hostname="MST-DESK-02" failures="0" tests="1" name="edu.mst.learning.automation.basetest.BaseTest" time="-1632747648.000" errors="1" timestamp="2021-09-27T18:30:44 IST" skipped="0">
  <testcase classname="edu.mst.learning.automation.basetest.BaseTest" name="beforeSuite" time="-1632747648.000">
    <error message="
Parameter &#039;chrome&#039; is required by BeforeSuite on method beforeSuite but has not been marked @Optional or defined
in C:\Users\MSTSYS\eclipse-workspace\framework\testng.xml" type="org.testng.TestNGException">
      <![CDATA[org.testng.TestNGException: 
Parameter 'chrome' is required by BeforeSuite on method beforeSuite but has not been marked @Optional or defined
in C:\Users\MSTSYS\eclipse-workspace\framework\testng.xml
at org.testng.internal.Parameters.createParams(Parameters.java:270)
at org.testng.internal.Parameters.createParametersForMethod(Parameters.java:358)
at org.testng.internal.Parameters.createParameters(Parameters.java:700)
at org.testng.internal.Parameters.createConfigurationParameters(Parameters.java:168)
at org.testng.internal.ConfigInvoker.invokeConfigurations(ConfigInvoker.java:302)
at org.testng.SuiteRunner.privateRun(SuiteRunner.java:317)
at org.testng.SuiteRunner.run(SuiteRunner.java:276)
at org.testng.SuiteRunnerWorker.runSuite(SuiteRunnerWorker.java:53)
at org.testng.SuiteRunnerWorker.run(SuiteRunnerWorker.java:96)
at org.testng.TestNG.runSuitesSequentially(TestNG.java:1212)
at org.testng.TestNG.runSuitesLocally(TestNG.java:1134)
at org.testng.TestNG.runSuites(TestNG.java:1063)
at org.testng.TestNG.run(TestNG.java:1031)
at org.testng.remote.AbstractRemoteTestNG.run(AbstractRemoteTestNG.java:115)
at org.testng.remote.RemoteTestNG.initAndRun(RemoteTestNG.java:251)
at org.testng.remote.RemoteTestNG.main(RemoteTestNG.java:77)
]]>
    </error>
  </testcase> <!-- beforeSuite -->
  <system-out/>
</testsuite> <!-- edu.mst.learning.automation.basetest.BaseTest -->
