<?xml version="1.0" encoding="UTF-8"?>
<!-- Generated by org.testng.reporters.JUnitXMLReporter -->
<testsuite ignored="0" hostname="MST-DESK-02" failures="0" tests="1" name="Default test" time="0.048" errors="0" timestamp="2021-10-07T18:09:27 IST">
  <testcase classname="edu.mst.learning.automation.basetest.BaseTest" name="@BeforeTest beforeTest" time="-1.633610367537E9">
    <failure type="org.testng.TestNGException" message="
Parameter &amp;apos;browsertype&amp;apos; is required by BeforeTest on method beforeTest but has not been marked @Optional or defined
in C:\Users\MSTSYS\AppData\Local\Temp\testng-eclipse--562817067\testng-customsuite.xml">
      <![CDATA[org.testng.TestNGException: 
Parameter 'browsertype' is required by BeforeTest on method beforeTest but has not been marked @Optional or defined
in C:\Users\MSTSYS\AppData\Local\Temp\testng-eclipse--562817067\testng-customsuite.xml
at org.testng.internal.Parameters.createParams(Parameters.java:270)
at org.testng.internal.Parameters.createParametersForMethod(Parameters.java:358)
at org.testng.internal.Parameters.createParameters(Parameters.java:700)
at org.testng.internal.Parameters.createConfigurationParameters(Parameters.java:168)
at org.testng.internal.ConfigInvoker.invokeConfigurations(ConfigInvoker.java:302)
at org.testng.TestRunner.invokeTestConfigurations(TestRunner.java:637)
at org.testng.TestRunner.beforeRun(TestRunner.java:627)
at org.testng.TestRunner.run(TestRunner.java:589)
at org.testng.SuiteRunner.runTest(SuiteRunner.java:377)
at org.testng.SuiteRunner.runSequentially(SuiteRunner.java:371)
at org.testng.SuiteRunner.privateRun(SuiteRunner.java:332)
at org.testng.SuiteRunner.run(SuiteRunner.java:276)
at org.testng.SuiteRunnerWorker.runSuite(SuiteRunnerWorker.java:53)
at org.testng.SuiteRunnerWorker.run(SuiteRunnerWorker.java:96)
at org.testng.TestNG.runSuitesSequentially(TestNG.java:1212)
at org.testng.TestNG.runSuitesLocally(TestNG.java:1134)
at org.testng.TestNG.runSuites(TestNG.java:1063)
at org.testng.TestNG.run(TestNG.java:1031)
at org.testng.remote.AbstractRemoteTestNG.run(AbstractRemoteTestNG.java:115)
at org.testng.remote.RemoteTestNG.initAndRun(RemoteTestNG.java:251)
at org.testng.remote.RemoteTestNG.main(RemoteTestNG.java:77)
]]>
    </failure>
  </testcase> <!-- @BeforeTest beforeTest -->
  <testcase classname="edu.mst.learning.automation.basetest.BaseTest" name="@AfterTest afterTest" time="-1.633610367578E9">
    <skipped/>
  </testcase> <!-- @AfterTest afterTest -->
  <testcase classname="edu.mst.learning.automation.smoketestcases.LeadCreation" name="creatingLead" time="0.001">
    <skipped/>
  </testcase> <!-- creatingLead -->
</testsuite> <!-- Default test -->
